<?xml version="1.0" encoding="UTF-8" ?>
<testsuites>

  <testsuite name="addition" errors="0" tests="1" failures="1" time="0.002" timestamp="2013-07-23T09:03:26.677Z">
    
      <testcase assertions="1" classname="addition" name="should return 4 when adding 2 and 2" time="0.001">
        
          <failure>Expected 5 to be 4.</failure>
        
      </testcase>
    
  </testsuite>

</testsuites>