<?xml version="1.0" encoding="UTF-8" ?>
<testsuites>

  <testsuite name="addition" errors="0" tests="1" failures="0" time="0.001" timestamp="2013-07-24T08:41:42.630Z">
    
      <testcase assertions="1" classname="addition" name="should return 4 when adding 2 and 2" time="0">
        
      </testcase>
    
  </testsuite>

</testsuites>