<?xml version="1.0" encoding="UTF-8" ?>
<testsuites>

  <testsuite name="util.random" errors="0" tests="0" failures="0" time="" timestamp="">
    
  </testsuite>

</testsuites>